2026/04/29 10:30:13 Starting fms-mvp server...
2026/04/29 10:30:13 Starting background firmware HTTP server on :8090
2026/04/29 10:30:13 Database schema migrated successfully
2026/04/29 10:30:13 Ent storage initialized with sqlite3 database
2026/04/29 10:30:13 Initializing single event bus...
2026/04/29 10:30:13 Global event bus started and set.
2026/04/29 10:30:13 Event system initialized - Lifecycle: true, Conditions: true, Prefix: fms-mvp.resource
[INFO] Registered reconciler for UpdateJob
[INFO] Starting reconciliation controller with 5 workers
[INFO] Reconciliation controller started
2026/04/29 10:30:13 Reconciliation controller started with 5 workers
2026/04/29 10:30:13 Server starting on 0.0.0.0:8085
2026/04/29 10:30:13 Storage: sqlite3 database
[DEBUG] Worker 2 started
[DEBUG] Worker 4 started
[DEBUG] Worker 1 started
[DEBUG] Worker 0 started
[DEBUG] Worker 3 started
2026/04/29 10:30:14 "GET http://localhost:8085/updatejobs HTTP/1.1" from [::1]:52352 - 200 1590B in 974.917µs
2026/04/29 10:30:14 "POST http://localhost:8085/updatejobs HTTP/1.1" from [::1]:52353 - 201 366B in 1.979208ms
[DEBUG] Processing reconciliation for UpdateJob/updatejob-59839841 (reason: Event: fms-mvp.resource.updatejob.created)
[DEBUG] Reconciling UpdateJob UpdateJob/updatejob-59839841
[DEBUG] Reconciliation successful for UpdateJob/updatejob-59839841
2026/04/29 10:30:14 "GET http://localhost:8085/updatejobs/updatejob-59839841 HTTP/1.1" from [::1]:52355 - 200 479B in 244.334µs
2026/04/29 10:30:14 Server shutting down...
2026/04/29 10:30:14 Server exited
[INFO] Stopping reconciliation controller
[DEBUG] Worker 2 shutting down
[DEBUG] Worker 0 shutting down
[DEBUG] Worker 4 shutting down
[DEBUG] Worker 3 shutting down
[DEBUG] Worker 1 shutting down
[INFO] Reconciliation controller stopped
